{"contracts/HelloWorldContract.sol":{"l":{"8":6,"9":6,"13":0,"14":0,"18":1,"22":2,"26":0,"27":0},"path":"/Users/gokhantamkoc/Projects/solidity/github.com/gokhantamkoc/learn-solidity/solidity-0-hello-solidity/contracts/HelloWorldContract.sol","s":{"1":0,"2":2,"3":0,"4":0},"b":{"1":[0,0],"2":[0,0]},"f":{"1":6,"2":0,"3":1,"4":2,"5":0},"fnMap":{"1":{"name":"constructor","line":7,"loc":{"start":{"line":7,"column":1},"end":{"line":10,"column":1}}},"2":{"name":"onlyOwner","line":12,"loc":{"start":{"line":12,"column":1},"end":{"line":15,"column":1}}},"3":{"name":"changeName","line":17,"loc":{"start":{"line":17,"column":1},"end":{"line":19,"column":1}}},"4":{"name":"getName","line":21,"loc":{"start":{"line":21,"column":1},"end":{"line":23,"column":1}}},"5":{"name":"destroyContract","line":25,"loc":{"start":{"line":25,"column":1},"end":{"line":28,"column":1}}}},"statementMap":{"1":{"start":{"line":13,"column":2},"end":{"line":13,"column":29}},"2":{"start":{"line":22,"column":2},"end":{"line":22,"column":38}},"3":{"start":{"line":26,"column":2},"end":{"line":26,"column":54}},"4":{"start":{"line":27,"column":2},"end":{"line":27,"column":26}}},"branchMap":{"1":{"line":13,"type":"if","locations":[{"start":{"line":13,"column":2},"end":{"line":13,"column":2}},{"start":{"line":13,"column":2},"end":{"line":13,"column":2}}]},"2":{"line":25,"type":"if","locations":[{"start":{"line":25,"column":35},"end":{"line":25,"column":35}},{"start":{"line":25,"column":35},"end":{"line":25,"column":35}}]}}}}